\BOOKMARK [1][-]{section.0.1}{Introduction}{}% 1
\BOOKMARK [1][-]{section.0.2}{Impl\351mentation}{}% 2
\BOOKMARK [2][-]{subsection.0.2.1}{Parsage triplets RDF}{section.0.2}% 3
\BOOKMARK [2][-]{subsection.0.2.2}{Dictionnaire}{section.0.2}% 4
\BOOKMARK [2][-]{subsection.0.2.3}{Graphe de donn\351es}{section.0.2}% 5
\BOOKMARK [2][-]{subsection.0.2.4}{Statistiques sur les donn\351es}{section.0.2}% 6
\BOOKMARK [2][-]{subsection.0.2.5}{Arbre des pr\351fixes des relations}{section.0.2}% 7
\BOOKMARK [2][-]{subsection.0.2.6}{Arbre de voisinage FP-TREE}{section.0.2}% 8
\BOOKMARK [2][-]{subsection.0.2.7}{Parsage d'une requ\352te \351toile et pr\351-traitements}{section.0.2}% 9
\BOOKMARK [2][-]{subsection.0.2.8}{Graphe de la requ\352te \351toile et mesure de la s\351lectivit\351 des branches}{section.0.2}% 10
\BOOKMARK [2][-]{subsection.0.2.9}{R\351solution}{section.0.2}% 11
\BOOKMARK [1][-]{section.0.3}{Optimisations}{}% 12
\BOOKMARK [1][-]{section.0.4}{Difficult\351s}{}% 13
\BOOKMARK [1][-]{section.0.5}{Utilisation du programme}{}% 14
\BOOKMARK [1][-]{section.0.6}{Benchmarks}{}% 15
\BOOKMARK [1][-]{section.0.7}{Outils utilis\351s}{}% 16
\BOOKMARK [1][-]{section.0.8}{Les m\351triques}{}% 17
\BOOKMARK [1][-]{section.0.9}{V\351rification et correction de notre syst\350me}{}% 18
\BOOKMARK [1][-]{section.0.10}{Technique d\220\351valuation}{}% 19
\BOOKMARK [1][-]{section.0.11}{Experiment factoriel}{}% 20
\BOOKMARK [1][-]{section.0.12}{Repr\351sentation graphique des r\351sultats}{}% 21
\BOOKMARK [1][-]{section.0.13}{Conclusion}{}% 22
